Unity Editor version:    2020.3.17f1 (a4537701e4ab)
Branch:                  2020.3/staging
Build type:              Release
Batch mode:              YES
macOS version:           Version 10.15.7 (Build 19H2)
Darwin version:          19.6.0
Architecture:            x86_64
Running under Rosetta:   NO
Available memory:        16384 MB
Using pre-set license
Pro License: NO

COMMAND LINE ARGUMENTS:
/Applications/Unity/Hub/Editor/2020.3.17f1/Unity.app/Contents/MacOS/Unity
-adb2
-batchMode
-noUpm
-name
AssetImportWorker0
-projectPath
/Users/apple/Desktop/My-Maze/New Unity Project
-logFile
Logs/AssetImportWorker0.log
-srvPort
56036
Successfully changed project path to: /Users/apple/Desktop/My-Maze/New Unity Project
/Users/apple/Desktop/My-Maze/New Unity Project
Using Asset Import Pipeline V2.
Refreshing native plugins compatible for Editor in 78.42 ms, found 3 plugins.
Preloading 1 native plugins for Editor in 13.18 ms.
Initialize engine version: 2020.3.17f1 (a4537701e4ab)
[Subsystems] Discovering subsystems at path /Applications/Unity/Hub/Editor/2020.3.17f1/Unity.app/Contents/Resources/UnitySubsystems
[Subsystems] Discovering subsystems at path /Users/apple/Desktop/My-Maze/New Unity Project/Assets
GfxDevice: creating device client; threaded=0
2021-10-03 20:00:19.231 Unity[72559:674025] Color LCD preferred device: AMD Radeon Pro 5300M (high power)
2021-10-03 20:00:19.231 Unity[72559:674025] Metal devices available: 2
2021-10-03 20:00:19.231 Unity[72559:674025] 0: AMD Radeon Pro 5300M (high power)
2021-10-03 20:00:19.231 Unity[72559:674025] 1: Intel(R) UHD Graphics 630 (low power)
2021-10-03 20:00:19.232 Unity[72559:674025] Using device AMD Radeon Pro 5300M (high power)
Initializing Metal device caps: AMD Radeon Pro 5300M
Initialize mono
Mono path[0] = '/Applications/Unity/Hub/Editor/2020.3.17f1/Unity.app/Contents/Managed'
Mono path[1] = '/Applications/Unity/Hub/Editor/2020.3.17f1/Unity.app/Contents/MonoBleedingEdge/lib/mono/unityjit'
Mono config path = '/Applications/Unity/Hub/Editor/2020.3.17f1/Unity.app/Contents/MonoBleedingEdge/etc'
Using monoOptions --debugger-agent=transport=dt_socket,embedding=1,server=y,suspend=n,address=127.0.0.1:56559
Begin MonoManager ReloadAssembly
Registering precompiled unity dll's ...
Register platform support module: /Applications/Unity/Hub/Editor/2020.3.17f1/Unity.app/Contents/PlaybackEngines/MacStandaloneSupport/UnityEditor.OSXStandalone.Extensions.dll
Registered in 0.002072 seconds.
Native extension for OSXStandalone target not found
Refreshing native plugins compatible for Editor in 63.34 ms, found 3 plugins.
Preloading 1 native plugins for Editor in 0.40 ms.
Mono: successfully reloaded assembly
- Completed reload, in  2.508 seconds
Domain Reload Profiling:
	ReloadAssembly (2508ms)
		BeginReloadAssembly (58ms)
			ExecutionOrderSort (0ms)
			DisableScriptedObjects (0ms)
			BackupInstance (0ms)
			ReleaseScriptingObjects (0ms)
			CreateAndSetChildDomain (1ms)
		EndReloadAssembly (503ms)
			LoadAssemblies (59ms)
			RebuildTransferFunctionScriptingTraits (0ms)
			SetupTypeCache (186ms)
			ReleaseScriptCaches (0ms)
			RebuildScriptCaches (42ms)
			SetupLoadedEditorAssemblies (217ms)
				LogAssemblyErrors (0ms)
				InitializePlatformSupportModulesInManaged (4ms)
				SetLoadedEditorAssemblies (0ms)
				RefreshPlugins (64ms)
				BeforeProcessingInitializeOnLoad (28ms)
				ProcessInitializeOnLoadAttributes (90ms)
				ProcessInitializeOnLoadMethodAttributes (30ms)
				AfterProcessingInitializeOnLoad (0ms)
				EditorAssembliesLoaded (0ms)
			ExecutionOrderSort2 (0ms)
			AwakeInstancesAfterBackupRestoration (0ms)
Platform modules already initialized, skipping
Registering precompiled user dll's ...
Registered in 0.006498 seconds.
Begin MonoManager ReloadAssembly
Native extension for OSXStandalone target not found
Refreshing native plugins compatible for Editor in 59.38 ms, found 3 plugins.
Preloading 1 native plugins for Editor in 0.40 ms.
Mono: successfully reloaded assembly
- Completed reload, in  1.589 seconds
Domain Reload Profiling:
	ReloadAssembly (1592ms)
		BeginReloadAssembly (179ms)
			ExecutionOrderSort (0ms)
			DisableScriptedObjects (5ms)
			BackupInstance (0ms)
			ReleaseScriptingObjects (0ms)
			CreateAndSetChildDomain (34ms)
		EndReloadAssembly (1341ms)
			LoadAssemblies (137ms)
			RebuildTransferFunctionScriptingTraits (0ms)
			SetupTypeCache (415ms)
			ReleaseScriptCaches (1ms)
			RebuildScriptCaches (73ms)
			SetupLoadedEditorAssemblies (572ms)
				LogAssemblyErrors (0ms)
				InitializePlatformSupportModulesInManaged (4ms)
				SetLoadedEditorAssemblies (0ms)
				RefreshPlugins (60ms)
				BeforeProcessingInitializeOnLoad (98ms)
				ProcessInitializeOnLoadAttributes (404ms)
				ProcessInitializeOnLoadMethodAttributes (5ms)
				AfterProcessingInitializeOnLoad (1ms)
				EditorAssembliesLoaded (0ms)
			ExecutionOrderSort2 (0ms)
			AwakeInstancesAfterBackupRestoration (7ms)
Platform modules already initialized, skipping
Validating Project structure ... 0.003376 seconds.
Shader import version has changed; will reimport all shaders...
Upgrading shader files ...0.002063 seconds.
Application.AssetDatabase Initial Script Refresh Start
RefreshInfo: InitialScriptRefreshV2(NoUpdateAssetOptions) scanfilter:  ... 1 filters
RefreshProfiler: Total: 0.000ms
Application.AssetDatabase Initial Script Refresh End
Application.AssetDatabase.Refresh Start
Application.AssetDatabase.Refresh End
RefreshInfo: StopAssetImportingV2(ForceSynchronousImport) scanfilter: 
RefreshProfiler: Total: 0.000ms
Launching external process: /Applications/Unity/Hub/Editor/2020.3.17f1/Unity.app/Contents/Tools/UnityShaderCompiler
Launched and connected shader compiler UnityShaderCompiler after 0.01 seconds
Initializing Unity extensions:
========================================================================
Worker process is ready to serve import requests
Refreshing native plugins compatible for Editor in 0.71 ms, found 3 plugins.
Preloading 1 native plugins for Editor in 0.48 ms.
Unloading 3721 Unused Serialized files (Serialized files now loaded: 0)
System memory in use before: 280.4 MB.
System memory in use after: 280.2 MB.

Unloading 179 unused Assets to reduce memory usage. Loaded Objects now: 4195.
Total: 4.976750 ms (FindLiveObjects: 0.425379 ms CreateObjectMapping: 0.231771 ms MarkObjects: 4.007040 ms  DeleteObjects: 0.311448 ms)

AssetImportParameters requested are different than current active one (requested -> active):
  custom:video-decoder-ogg-theora: a1e56fd34408186e4bbccfd4996cb3dc -> 
  custom:container-muxer-webm: aa71ff27fc2769a1b78a27578f13a17b -> 
  custom:container-demuxer-webm: 4f35f7cbe854078d1ac9338744f61a02 -> 
  custom:container-demuxer-ogg: 62fdf1f143b41e24485cea50d1cbac27 -> 
  custom:video-encoder-webm-vp8: eb34c28f22e8b96e1ab97ce403110664 -> 
  custom:framework-osx-AVFoundation: b23960f63f64bdc6ff669e2cdcee2391 -> 
  custom:video-decoder-webm-vp8: 9c59270c3fd7afecdb556c50c9e8de78 -> 
  custom:audio-decoder-ogg-vorbis: bf7c407c2cedff20999df2af8eb42d56 -> 
  custom:audio-encoder-webm-vorbis: bf7c407c2cedff20999df2af8eb42d56 -> 
========================================================================
Received Import Request.
  path: Assets/materials/Realistic
  artifactKey: Guid(2a0a39e2dbdb5174ea7ac7ed705a3b3b) Importer(815301076,1909f56bfc062723c751e8b465ee728b)
Start importing Assets/materials/Realistic using Guid(2a0a39e2dbdb5174ea7ac7ed705a3b3b) Importer(815301076,1909f56bfc062723c751e8b465ee728b)  -> (artifact id: '9f4f716149dc8f5b3eeb057bb986b176') in 0.005797 seconds 
  Import took 0.012126 seconds .

========================================================================
Received Import Request.
  Time since last request: 0.000288 seconds.
  path: Assets/materials/Realistic/RedMud
  artifactKey: Guid(3faee5ed342870340ae5c1b1d0300d65) Importer(815301076,1909f56bfc062723c751e8b465ee728b)
Start importing Assets/materials/Realistic/RedMud using Guid(3faee5ed342870340ae5c1b1d0300d65) Importer(815301076,1909f56bfc062723c751e8b465ee728b)  -> (artifact id: '84c3d8cb0e6ca3b74e9c08b6b721a1ff') in 0.001084 seconds 
  Import took 0.006284 seconds .

========================================================================
Received Import Request.
  Time since last request: 15.320722 seconds.
  path: Assets/materials/Realistic/RedMud/RedMudDiffuse.png
  artifactKey: Guid(4e9fd4bfa57cb5d4e915f5e502dd0c49) Importer(815301076,1909f56bfc062723c751e8b465ee728b)
Start importing Assets/materials/Realistic/RedMud/RedMudDiffuse.png using Guid(4e9fd4bfa57cb5d4e915f5e502dd0c49) Importer(815301076,1909f56bfc062723c751e8b465ee728b) WARNING: RGBA Compressed ASTC6X6 UNorm format is not supported, decompressing texture
 -> (artifact id: '921f27f75cea5a2b658ed176bb080d95') in 0.730776 seconds 
  Import took 0.739715 seconds .

========================================================================
Received Import Request.
  Time since last request: 3.202240 seconds.
  path: Assets/materials/Realistic/RedMud/RedMudMetallicMap.png
  artifactKey: Guid(8fbc369191c25eb49866df3ac2078c3a) Importer(815301076,1909f56bfc062723c751e8b465ee728b)
Start importing Assets/materials/Realistic/RedMud/RedMudMetallicMap.png using Guid(8fbc369191c25eb49866df3ac2078c3a) Importer(815301076,1909f56bfc062723c751e8b465ee728b) WARNING: RGBA Compressed ASTC6X6 UNorm format is not supported, decompressing texture
 -> (artifact id: '330681cd484821cff5e764c42be06b88') in 0.074467 seconds 
  Import took 0.082100 seconds .

========================================================================
Received Import Request.
  Time since last request: 1.083982 seconds.
  path: Assets/materials/Realistic/RedMud/RedMudNormal.png
  artifactKey: Guid(bd1708532e47bfb499536023f3bf0d45) Importer(815301076,1909f56bfc062723c751e8b465ee728b)
Start importing Assets/materials/Realistic/RedMud/RedMudNormal.png using Guid(bd1708532e47bfb499536023f3bf0d45) Importer(815301076,1909f56bfc062723c751e8b465ee728b) WARNING: RGBA Compressed ASTC6X6 UNorm format is not supported, decompressing texture
 -> (artifact id: '52edaec9eb786501b1fcdbc7ac1de44e') in 0.271925 seconds 
  Import took 0.281604 seconds .

========================================================================
Received Import Request.
  Time since last request: 0.000752 seconds.
  path: Assets/materials/Realistic/RedMud/RedMudNormal.png
  artifactKey: Guid(bd1708532e47bfb499536023f3bf0d45) Importer(815301076,1909f56bfc062723c751e8b465ee728b)
Start importing Assets/materials/Realistic/RedMud/RedMudNormal.png using Guid(bd1708532e47bfb499536023f3bf0d45) Importer(815301076,1909f56bfc062723c751e8b465ee728b) WARNING: RGBA Compressed ASTC6X6 UNorm format is not supported, decompressing texture
 -> (artifact id: '52edaec9eb786501b1fcdbc7ac1de44e') in 0.196297 seconds 
  Import took 0.203432 seconds .

========================================================================
Received Import Request.
  Time since last request: 242.170010 seconds.
  path: Assets/Free HDR Skyboxes Pack/Material
  artifactKey: Guid(3a39f7f6936115947b8726fd8d30eb7b) Importer(815301076,1909f56bfc062723c751e8b465ee728b)
Start importing Assets/Free HDR Skyboxes Pack/Material using Guid(3a39f7f6936115947b8726fd8d30eb7b) Importer(815301076,1909f56bfc062723c751e8b465ee728b)  -> (artifact id: '4cf1c90d07699f5263690d82329a5f70') in 0.001209 seconds 
  Import took 0.007589 seconds .

